<?xml version="1.0" encoding="UTF-8"?>
<testng-results ignored="0" total="1" passed="1" failed="0" skipped="0">
  <reporter-output>
  </reporter-output>
  <suite started-at="2023-06-21T17:06:13 IST" name="Default suite" finished-at="2023-06-21T17:06:21 IST" duration-ms="7083">
    <groups>
    </groups>
    <test started-at="2023-06-21T17:06:13 IST" name="Default test" finished-at="2023-06-21T17:06:21 IST" duration-ms="7083">
      <class name="BasicPrograms.NewTest">
        <test-method is-config="true" signature="Openurl()[pri:0, instance:BasicPrograms.NewTest@7880cdf3]" started-at="2023-06-21T17:06:13 IST" name="Openurl" finished-at="2023-06-21T17:06:20 IST" duration-ms="6975" status="PASS">
          <reporter-output>
          </reporter-output>
        </test-method> <!-- Openurl -->
        <test-method signature="Practiceform()[pri:0, instance:BasicPrograms.NewTest@7880cdf3]" started-at="2023-06-21T17:06:20 IST" name="Practiceform" finished-at="2023-06-21T17:06:21 IST" duration-ms="83" status="PASS">
          <reporter-output>
          </reporter-output>
        </test-method> <!-- Practiceform -->
        <test-method is-config="true" signature="afterTest()[pri:0, instance:BasicPrograms.NewTest@7880cdf3]" started-at="2023-06-21T17:06:21 IST" name="afterTest" finished-at="2023-06-21T17:06:21 IST" duration-ms="0" status="PASS">
          <reporter-output>
          </reporter-output>
        </test-method> <!-- afterTest -->
      </class> <!-- BasicPrograms.NewTest -->
    </test> <!-- Default test -->
  </suite> <!-- Default suite -->
</testng-results>
